{"C:\\Users\\Michael Joseph\\Documents\\Misc Coding\\Projects (work)\\contact-entry\\transforms.js": {"path":"C:\\Users\\Michael Joseph\\Documents\\Misc Coding\\Projects (work)\\contact-entry\\transforms.js","statementMap":{"0":{"start":{"line":1,"column":10},"end":{"line":1,"column":35}},"1":{"start":{"line":2,"column":10},"end":{"line":2,"column":26}},"2":{"start":{"line":3,"column":11},"end":{"line":3,"column":35}},"3":{"start":{"line":5,"column":25},"end":{"line":8,"column":1}},"4":{"start":{"line":10,"column":26},"end":{"line":10,"column":64}},"5":{"start":{"line":12,"column":0},"end":{"line":15,"column":1}}},"fnMap":{},"branchMap":{},"s":{"0":1,"1":1,"2":1,"3":1,"4":1,"5":1},"f":{},"b":{},"_coverageSchema":"1a1c01bbd47fc00a2c39e90264f33305004495a9","hash":"8a47f3db795bd92d3c37319b116a7c959049ba37"}
,"C:\\Users\\Michael Joseph\\Documents\\Misc Coding\\Projects (work)\\contact-entry\\validators.js": {"path":"C:\\Users\\Michael Joseph\\Documents\\Misc Coding\\Projects (work)\\contact-entry\\validators.js","statementMap":{"0":{"start":{"line":1,"column":10},"end":{"line":1,"column":26}},"1":{"start":{"line":2,"column":11},"end":{"line":2,"column":35}},"2":{"start":{"line":3,"column":10},"end":{"line":3,"column":46}},"3":{"start":{"line":5,"column":17},"end":{"line":8,"column":1}},"4":{"start":{"line":10,"column":17},"end":{"line":13,"column":1}},"5":{"start":{"line":15,"column":24},"end":{"line":18,"column":1}},"6":{"start":{"line":20,"column":25},"end":{"line":23,"column":1}},"7":{"start":{"line":25,"column":14},"end":{"line":61,"column":1}},"8":{"start":{"line":63,"column":24},"end":{"line":66,"column":2}},"9":{"start":{"line":68,"column":0},"end":{"line":71,"column":1}}},"fnMap":{},"branchMap":{},"s":{"0":1,"1":1,"2":1,"3":1,"4":1,"5":1,"6":1,"7":1,"8":1,"9":1},"f":{},"b":{},"_coverageSchema":"1a1c01bbd47fc00a2c39e90264f33305004495a9","hash":"fe1a99298a615b573d4b32dac98df39441c7c652"}
}
